[0.526s] Invoking command in '/home/wshengggg/ros2_ws/src/custom': PYTHONPATH=/home/wshengggg/ros2_ws/build/custom/prefix_override:/home/wshengggg/ros2_ws/install/custom/lib/python3.10/site-packages:${PYTHONPATH} /usr/bin/python3 -W ignore:setup.py install is deprecated setup.py egg_info --egg-base ../../build/custom build --build-base /home/wshengggg/ros2_ws/build/custom/build install --record /home/wshengggg/ros2_ws/build/custom/install.log --single-version-externally-managed install_data
[0.682s] running egg_info
[0.689s] writing ../../build/custom/custom.egg-info/PKG-INFO
[0.689s] writing dependency_links to ../../build/custom/custom.egg-info/dependency_links.txt
[0.689s] writing entry points to ../../build/custom/custom.egg-info/entry_points.txt
[0.690s] writing requirements to ../../build/custom/custom.egg-info/requires.txt
[0.690s] writing top-level names to ../../build/custom/custom.egg-info/top_level.txt
[0.705s] reading manifest file '../../build/custom/custom.egg-info/SOURCES.txt'
[0.705s] adding license file 'LICENSE'
[0.706s] writing manifest file '../../build/custom/custom.egg-info/SOURCES.txt'
[0.706s] running build
[0.706s] running build_py
[0.706s] copying custom/__init__.py -> /home/wshengggg/ros2_ws/build/custom/build/lib/custom
[0.707s] copying custom/SpiderPi/Spiderpi.py -> /home/wshengggg/ros2_ws/build/custom/build/lib/custom/SpiderPi
[0.707s] copying custom/SpiderPi/__init__.py -> /home/wshengggg/ros2_ws/build/custom/build/lib/custom/SpiderPi
[0.707s] copying custom/SpiderPi/RPCServer.py -> /home/wshengggg/ros2_ws/build/custom/build/lib/custom/SpiderPi
[0.707s] copying custom/SpiderPi/MjpgServer.py -> /home/wshengggg/ros2_ws/build/custom/build/lib/custom/SpiderPi
[0.707s] copying custom/SpiderPi/Camera.py -> /home/wshengggg/ros2_ws/build/custom/build/lib/custom/SpiderPi
[0.707s] copying custom/SpiderPi/ActionGroupDict.py -> /home/wshengggg/ros2_ws/build/custom/build/lib/custom/SpiderPi
[0.707s] copying custom/SpiderPi/yaml_handle.py -> /home/wshengggg/ros2_ws/build/custom/build/lib/custom/SpiderPi
[0.707s] copying custom/SpiderPi/Functions/RemoteControl.py -> /home/wshengggg/ros2_ws/build/custom/build/lib/custom/SpiderPi/Functions
[0.707s] copying custom/SpiderPi/Functions/lab_adjust.py -> /home/wshengggg/ros2_ws/build/custom/build/lib/custom/SpiderPi/Functions
[0.707s] copying custom/SpiderPi/Functions/ASRControl.py -> /home/wshengggg/ros2_ws/build/custom/build/lib/custom/SpiderPi/Functions
[0.707s] copying custom/SpiderPi/Functions/Head_Control.py -> /home/wshengggg/ros2_ws/build/custom/build/lib/custom/SpiderPi/Functions
[0.707s] copying custom/SpiderPi/Functions/__init__.py -> /home/wshengggg/ros2_ws/build/custom/build/lib/custom/SpiderPi/Functions
[0.707s] copying custom/SpiderPi/Functions/Tag_Detect.py -> /home/wshengggg/ros2_ws/build/custom/build/lib/custom/SpiderPi/Functions
[0.707s] copying custom/SpiderPi/Functions/ColorDetect.py -> /home/wshengggg/ros2_ws/build/custom/build/lib/custom/SpiderPi/Functions
[0.707s] copying custom/SpiderPi/Functions/PickAction.py -> /home/wshengggg/ros2_ws/build/custom/build/lib/custom/SpiderPi/Functions
[0.707s] copying custom/SpiderPi/Functions/Color_Warning.py -> /home/wshengggg/ros2_ws/build/custom/build/lib/custom/SpiderPi/Functions
[0.707s] copying custom/SpiderPi/Functions/Avoidance.py -> /home/wshengggg/ros2_ws/build/custom/build/lib/custom/SpiderPi/Functions
[0.708s] copying custom/SpiderPi/Functions/Transport.py -> /home/wshengggg/ros2_ws/build/custom/build/lib/custom/SpiderPi/Functions
[0.708s] copying custom/SpiderPi/Functions/apriltag.py -> /home/wshengggg/ros2_ws/build/custom/build/lib/custom/SpiderPi/Functions
[0.708s] copying custom/SpiderPi/Functions/ApriltagDetect.py -> /home/wshengggg/ros2_ws/build/custom/build/lib/custom/SpiderPi/Functions
[0.708s] copying custom/SpiderPi/Functions/Color_Recognize.py -> /home/wshengggg/ros2_ws/build/custom/build/lib/custom/SpiderPi/Functions
[0.708s] copying custom/SpiderPi/Functions/Self_Transport.py -> /home/wshengggg/ros2_ws/build/custom/build/lib/custom/SpiderPi/Functions
[0.708s] copying custom/SpiderPi/Functions/ImgAddText.py -> /home/wshengggg/ros2_ws/build/custom/build/lib/custom/SpiderPi/Functions
[0.708s] copying custom/SpiderPi/Functions/Transport_Cleaning.py -> /home/wshengggg/ros2_ws/build/custom/build/lib/custom/SpiderPi/Functions
[0.708s] copying custom/SpiderPi/Functions/kinematics_control_demo.py -> /home/wshengggg/ros2_ws/build/custom/build/lib/custom/SpiderPi/Functions
[0.708s] copying custom/SpiderPi/Functions/Follow.py -> /home/wshengggg/ros2_ws/build/custom/build/lib/custom/SpiderPi/Functions
[0.708s] copying custom/SpiderPi/Functions/Running.py -> /home/wshengggg/ros2_ws/build/custom/build/lib/custom/SpiderPi/Functions
[0.708s] copying custom/SpiderPi/Functions/ColorDetectAndTTS.py -> /home/wshengggg/ros2_ws/build/custom/build/lib/custom/SpiderPi/Functions
[0.708s] copying custom/SpiderPi/Functions/GestureMeasuring.py -> /home/wshengggg/ros2_ws/build/custom/build/lib/custom/SpiderPi/Functions
[0.708s] copying custom/SpiderPi/Functions/Face_Detect.py -> /home/wshengggg/ros2_ws/build/custom/build/lib/custom/SpiderPi/Functions
[0.709s] copying custom/SpiderPi/Functions/ColorTrack.py -> /home/wshengggg/ros2_ws/build/custom/build/lib/custom/SpiderPi/Functions
[0.709s] copying custom/SpiderPi/Functions/FaceDetect.py -> /home/wshengggg/ros2_ws/build/custom/build/lib/custom/SpiderPi/Functions
[0.709s] copying custom/SpiderPi/Functions/EmptyFunc.py -> /home/wshengggg/ros2_ws/build/custom/build/lib/custom/SpiderPi/Functions
[0.709s] copying custom/SpiderPi/Functions/VisualPatrol.py -> /home/wshengggg/ros2_ws/build/custom/build/lib/custom/SpiderPi/Functions
[0.709s] copying custom/SpiderPi/CameraCalibration/TestCalibration.py -> /home/wshengggg/ros2_ws/build/custom/build/lib/custom/SpiderPi/CameraCalibration
[0.709s] copying custom/SpiderPi/CameraCalibration/Calibration.py -> /home/wshengggg/ros2_ws/build/custom/build/lib/custom/SpiderPi/CameraCalibration
[0.709s] copying custom/SpiderPi/CameraCalibration/__init__.py -> /home/wshengggg/ros2_ws/build/custom/build/lib/custom/SpiderPi/CameraCalibration
[0.709s] copying custom/SpiderPi/CameraCalibration/GenerateLoadingPicture.py -> /home/wshengggg/ros2_ws/build/custom/build/lib/custom/SpiderPi/CameraCalibration
[0.709s] copying custom/SpiderPi/CameraCalibration/CalibrationConfig.py -> /home/wshengggg/ros2_ws/build/custom/build/lib/custom/SpiderPi/CameraCalibration
[0.709s] copying custom/SpiderPi/CameraCalibration/CollectCalibrationPicture.py -> /home/wshengggg/ros2_ws/build/custom/build/lib/custom/SpiderPi/CameraCalibration
[0.709s] copying custom/SpiderPi/CameraCalibration/GenerateCalibrationPlate.py -> /home/wshengggg/ros2_ws/build/custom/build/lib/custom/SpiderPi/CameraCalibration
[0.709s] copying custom/SpiderPi/HiwonderSDK/Misc.py -> /home/wshengggg/ros2_ws/build/custom/build/lib/custom/SpiderPi/HiwonderSDK
[0.710s] copying custom/SpiderPi/HiwonderSDK/Board.py -> /home/wshengggg/ros2_ws/build/custom/build/lib/custom/SpiderPi/HiwonderSDK
[0.710s] copying custom/SpiderPi/HiwonderSDK/Mpu6050.py -> /home/wshengggg/ros2_ws/build/custom/build/lib/custom/SpiderPi/HiwonderSDK
[0.710s] copying custom/SpiderPi/HiwonderSDK/PWMServoMoveDemo.py -> /home/wshengggg/ros2_ws/build/custom/build/lib/custom/SpiderPi/HiwonderSDK
[0.710s] copying custom/SpiderPi/HiwonderSDK/ASR.py -> /home/wshengggg/ros2_ws/build/custom/build/lib/custom/SpiderPi/HiwonderSDK
[0.710s] copying custom/SpiderPi/HiwonderSDK/__init__.py -> /home/wshengggg/ros2_ws/build/custom/build/lib/custom/SpiderPi/HiwonderSDK
[0.710s] copying custom/SpiderPi/HiwonderSDK/Sonar.py -> /home/wshengggg/ros2_ws/build/custom/build/lib/custom/SpiderPi/HiwonderSDK
[0.710s] copying custom/SpiderPi/HiwonderSDK/PID.py -> /home/wshengggg/ros2_ws/build/custom/build/lib/custom/SpiderPi/HiwonderSDK
[0.710s] copying custom/SpiderPi/HiwonderSDK/TTS.py -> /home/wshengggg/ros2_ws/build/custom/build/lib/custom/SpiderPi/HiwonderSDK
[0.710s] copying custom/SpiderPi/HiwonderSDK/ActionGroupControl.py -> /home/wshengggg/ros2_ws/build/custom/build/lib/custom/SpiderPi/HiwonderSDK
[0.710s] copying custom/SpiderPi/HiwonderSDK/BuzzerControlDemo.py -> /home/wshengggg/ros2_ws/build/custom/build/lib/custom/SpiderPi/HiwonderSDK
[0.710s] copying custom/SpiderPi/HiwonderSDK/BusServoReadStatus.py -> /home/wshengggg/ros2_ws/build/custom/build/lib/custom/SpiderPi/HiwonderSDK
[0.710s] copying custom/SpiderPi/HiwonderSDK/PWMServo.py -> /home/wshengggg/ros2_ws/build/custom/build/lib/custom/SpiderPi/HiwonderSDK
[0.710s] copying custom/SpiderPi/HiwonderSDK/ActionGroupControlDemo.py -> /home/wshengggg/ros2_ws/build/custom/build/lib/custom/SpiderPi/HiwonderSDK
[0.710s] copying custom/SpiderPi/HiwonderSDK/BusServoCmd.py -> /home/wshengggg/ros2_ws/build/custom/build/lib/custom/SpiderPi/HiwonderSDK
[0.710s] copying custom/SpiderPi/HiwonderSDK/BusServoMove.py -> /home/wshengggg/ros2_ws/build/custom/build/lib/custom/SpiderPi/HiwonderSDK
[0.711s] copying custom/SpiderPi/Functions/import_path/__init__.py -> /home/wshengggg/ros2_ws/build/custom/build/lib/custom/SpiderPi/Functions/import_path
[0.711s] running install
[0.715s] running install_lib
[0.723s] running install_data
[0.724s] copying resource/custom -> /home/wshengggg/ros2_ws/install/custom/share/ament_index/resource_index/packages
[0.724s] copying package.xml -> /home/wshengggg/ros2_ws/install/custom/share/custom
[0.724s] running install_egg_info
[0.732s] removing '/home/wshengggg/ros2_ws/install/custom/lib/python3.10/site-packages/custom-0.0.0-py3.10.egg-info' (and everything under it)
[0.732s] Copying ../../build/custom/custom.egg-info to /home/wshengggg/ros2_ws/install/custom/lib/python3.10/site-packages/custom-0.0.0-py3.10.egg-info
[0.733s] running install_scripts
[0.815s] Installing Spiderpi script to /home/wshengggg/ros2_ws/install/custom/lib/custom
[0.816s] writing list of installed files to '/home/wshengggg/ros2_ws/build/custom/install.log'
[0.833s] Invoked command in '/home/wshengggg/ros2_ws/src/custom' returned '0': PYTHONPATH=/home/wshengggg/ros2_ws/build/custom/prefix_override:/home/wshengggg/ros2_ws/install/custom/lib/python3.10/site-packages:${PYTHONPATH} /usr/bin/python3 -W ignore:setup.py install is deprecated setup.py egg_info --egg-base ../../build/custom build --build-base /home/wshengggg/ros2_ws/build/custom/build install --record /home/wshengggg/ros2_ws/build/custom/install.log --single-version-externally-managed install_data
