/home/wshengggg/ros2_ws/install/custom/lib/python3.10/site-packages/custom/__init__.py
/home/wshengggg/ros2_ws/install/custom/lib/python3.10/site-packages/custom/RPCServer.py
/home/wshengggg/ros2_ws/install/custom/lib/python3.10/site-packages/custom/MjpgServer.py
/home/wshengggg/ros2_ws/install/custom/lib/python3.10/site-packages/custom/Camera.py
/home/wshengggg/ros2_ws/install/custom/lib/python3.10/site-packages/custom/ActionGroupDict.py
/home/wshengggg/ros2_ws/install/custom/lib/python3.10/site-packages/custom/spiderpi.py
/home/wshengggg/ros2_ws/install/custom/lib/python3.10/site-packages/custom/SpiderPi/__init__.py
/home/wshengggg/ros2_ws/install/custom/lib/python3.10/site-packages/custom/SpiderPi/yaml_handle.py
/home/wshengggg/ros2_ws/install/custom/lib/python3.10/site-packages/custom/HiwonderSDK/Misc.py
/home/wshengggg/ros2_ws/install/custom/lib/python3.10/site-packages/custom/HiwonderSDK/Board.py
/home/wshengggg/ros2_ws/install/custom/lib/python3.10/site-packages/custom/HiwonderSDK/Mpu6050.py
/home/wshengggg/ros2_ws/install/custom/lib/python3.10/site-packages/custom/HiwonderSDK/PWMServoMoveDemo.py
/home/wshengggg/ros2_ws/install/custom/lib/python3.10/site-packages/custom/HiwonderSDK/ASR.py
/home/wshengggg/ros2_ws/install/custom/lib/python3.10/site-packages/custom/HiwonderSDK/__init__.py
/home/wshengggg/ros2_ws/install/custom/lib/python3.10/site-packages/custom/HiwonderSDK/Sonar.py
/home/wshengggg/ros2_ws/install/custom/lib/python3.10/site-packages/custom/HiwonderSDK/PID.py
/home/wshengggg/ros2_ws/install/custom/lib/python3.10/site-packages/custom/HiwonderSDK/TTS.py
/home/wshengggg/ros2_ws/install/custom/lib/python3.10/site-packages/custom/HiwonderSDK/ActionGroupControl.py
/home/wshengggg/ros2_ws/install/custom/lib/python3.10/site-packages/custom/HiwonderSDK/BuzzerControlDemo.py
/home/wshengggg/ros2_ws/install/custom/lib/python3.10/site-packages/custom/HiwonderSDK/BusServoReadStatus.py
/home/wshengggg/ros2_ws/install/custom/lib/python3.10/site-packages/custom/HiwonderSDK/PWMServo.py
/home/wshengggg/ros2_ws/install/custom/lib/python3.10/site-packages/custom/HiwonderSDK/ActionGroupControlDemo.py
/home/wshengggg/ros2_ws/install/custom/lib/python3.10/site-packages/custom/HiwonderSDK/BusServoCmd.py
/home/wshengggg/ros2_ws/install/custom/lib/python3.10/site-packages/custom/HiwonderSDK/BusServoMove.py
/home/wshengggg/ros2_ws/install/custom/lib/python3.10/site-packages/custom/SpiderPi/Functions/RemoteControl.py
/home/wshengggg/ros2_ws/install/custom/lib/python3.10/site-packages/custom/SpiderPi/Functions/lab_adjust.py
/home/wshengggg/ros2_ws/install/custom/lib/python3.10/site-packages/custom/SpiderPi/Functions/ASRControl.py
/home/wshengggg/ros2_ws/install/custom/lib/python3.10/site-packages/custom/SpiderPi/Functions/Head_Control.py
/home/wshengggg/ros2_ws/install/custom/lib/python3.10/site-packages/custom/SpiderPi/Functions/__init__.py
/home/wshengggg/ros2_ws/install/custom/lib/python3.10/site-packages/custom/SpiderPi/Functions/Tag_Detect.py
/home/wshengggg/ros2_ws/install/custom/lib/python3.10/site-packages/custom/SpiderPi/Functions/ColorDetect.py
/home/wshengggg/ros2_ws/install/custom/lib/python3.10/site-packages/custom/SpiderPi/Functions/PickAction.py
/home/wshengggg/ros2_ws/install/custom/lib/python3.10/site-packages/custom/SpiderPi/Functions/Color_Warning.py
/home/wshengggg/ros2_ws/install/custom/lib/python3.10/site-packages/custom/SpiderPi/Functions/Avoidance.py
/home/wshengggg/ros2_ws/install/custom/lib/python3.10/site-packages/custom/SpiderPi/Functions/Transport.py
/home/wshengggg/ros2_ws/install/custom/lib/python3.10/site-packages/custom/SpiderPi/Functions/apriltag.py
/home/wshengggg/ros2_ws/install/custom/lib/python3.10/site-packages/custom/SpiderPi/Functions/ApriltagDetect.py
/home/wshengggg/ros2_ws/install/custom/lib/python3.10/site-packages/custom/SpiderPi/Functions/Color_Recognize.py
/home/wshengggg/ros2_ws/install/custom/lib/python3.10/site-packages/custom/SpiderPi/Functions/Self_Transport.py
/home/wshengggg/ros2_ws/install/custom/lib/python3.10/site-packages/custom/SpiderPi/Functions/ImgAddText.py
/home/wshengggg/ros2_ws/install/custom/lib/python3.10/site-packages/custom/SpiderPi/Functions/Transport_Cleaning.py
/home/wshengggg/ros2_ws/install/custom/lib/python3.10/site-packages/custom/SpiderPi/Functions/kinematics_control_demo.py
/home/wshengggg/ros2_ws/install/custom/lib/python3.10/site-packages/custom/SpiderPi/Functions/Follow.py
/home/wshengggg/ros2_ws/install/custom/lib/python3.10/site-packages/custom/SpiderPi/Functions/Running.py
/home/wshengggg/ros2_ws/install/custom/lib/python3.10/site-packages/custom/SpiderPi/Functions/ColorDetectAndTTS.py
/home/wshengggg/ros2_ws/install/custom/lib/python3.10/site-packages/custom/SpiderPi/Functions/GestureMeasuring.py
/home/wshengggg/ros2_ws/install/custom/lib/python3.10/site-packages/custom/SpiderPi/Functions/Face_Detect.py
/home/wshengggg/ros2_ws/install/custom/lib/python3.10/site-packages/custom/SpiderPi/Functions/ColorTrack.py
/home/wshengggg/ros2_ws/install/custom/lib/python3.10/site-packages/custom/SpiderPi/Functions/FaceDetect.py
/home/wshengggg/ros2_ws/install/custom/lib/python3.10/site-packages/custom/SpiderPi/Functions/EmptyFunc.py
/home/wshengggg/ros2_ws/install/custom/lib/python3.10/site-packages/custom/SpiderPi/Functions/VisualPatrol.py
/home/wshengggg/ros2_ws/install/custom/lib/python3.10/site-packages/custom/SpiderPi/CameraCalibration/TestCalibration.py
/home/wshengggg/ros2_ws/install/custom/lib/python3.10/site-packages/custom/SpiderPi/CameraCalibration/Calibration.py
/home/wshengggg/ros2_ws/install/custom/lib/python3.10/site-packages/custom/SpiderPi/CameraCalibration/__init__.py
/home/wshengggg/ros2_ws/install/custom/lib/python3.10/site-packages/custom/SpiderPi/CameraCalibration/GenerateLoadingPicture.py
/home/wshengggg/ros2_ws/install/custom/lib/python3.10/site-packages/custom/SpiderPi/CameraCalibration/CalibrationConfig.py
/home/wshengggg/ros2_ws/install/custom/lib/python3.10/site-packages/custom/SpiderPi/CameraCalibration/CollectCalibrationPicture.py
/home/wshengggg/ros2_ws/install/custom/lib/python3.10/site-packages/custom/SpiderPi/CameraCalibration/GenerateCalibrationPlate.py
/home/wshengggg/ros2_ws/install/custom/lib/python3.10/site-packages/custom/SpiderPi/Functions/import_path/__init__.py
/home/wshengggg/ros2_ws/install/custom/lib/python3.10/site-packages/custom/__pycache__/__init__.cpython-310.pyc
/home/wshengggg/ros2_ws/install/custom/lib/python3.10/site-packages/custom/__pycache__/RPCServer.cpython-310.pyc
/home/wshengggg/ros2_ws/install/custom/lib/python3.10/site-packages/custom/__pycache__/MjpgServer.cpython-310.pyc
/home/wshengggg/ros2_ws/install/custom/lib/python3.10/site-packages/custom/__pycache__/Camera.cpython-310.pyc
/home/wshengggg/ros2_ws/install/custom/lib/python3.10/site-packages/custom/__pycache__/ActionGroupDict.cpython-310.pyc
/home/wshengggg/ros2_ws/install/custom/lib/python3.10/site-packages/custom/__pycache__/spiderpi.cpython-310.pyc
/home/wshengggg/ros2_ws/install/custom/lib/python3.10/site-packages/custom/SpiderPi/__pycache__/__init__.cpython-310.pyc
/home/wshengggg/ros2_ws/install/custom/lib/python3.10/site-packages/custom/SpiderPi/__pycache__/yaml_handle.cpython-310.pyc
/home/wshengggg/ros2_ws/install/custom/lib/python3.10/site-packages/custom/HiwonderSDK/__pycache__/Misc.cpython-310.pyc
/home/wshengggg/ros2_ws/install/custom/lib/python3.10/site-packages/custom/HiwonderSDK/__pycache__/Board.cpython-310.pyc
/home/wshengggg/ros2_ws/install/custom/lib/python3.10/site-packages/custom/HiwonderSDK/__pycache__/Mpu6050.cpython-310.pyc
/home/wshengggg/ros2_ws/install/custom/lib/python3.10/site-packages/custom/HiwonderSDK/__pycache__/PWMServoMoveDemo.cpython-310.pyc
/home/wshengggg/ros2_ws/install/custom/lib/python3.10/site-packages/custom/HiwonderSDK/__pycache__/ASR.cpython-310.pyc
/home/wshengggg/ros2_ws/install/custom/lib/python3.10/site-packages/custom/HiwonderSDK/__pycache__/__init__.cpython-310.pyc
/home/wshengggg/ros2_ws/install/custom/lib/python3.10/site-packages/custom/HiwonderSDK/__pycache__/Sonar.cpython-310.pyc
/home/wshengggg/ros2_ws/install/custom/lib/python3.10/site-packages/custom/HiwonderSDK/__pycache__/PID.cpython-310.pyc
/home/wshengggg/ros2_ws/install/custom/lib/python3.10/site-packages/custom/HiwonderSDK/__pycache__/TTS.cpython-310.pyc
/home/wshengggg/ros2_ws/install/custom/lib/python3.10/site-packages/custom/HiwonderSDK/__pycache__/ActionGroupControl.cpython-310.pyc
/home/wshengggg/ros2_ws/install/custom/lib/python3.10/site-packages/custom/HiwonderSDK/__pycache__/BuzzerControlDemo.cpython-310.pyc
/home/wshengggg/ros2_ws/install/custom/lib/python3.10/site-packages/custom/HiwonderSDK/__pycache__/BusServoReadStatus.cpython-310.pyc
/home/wshengggg/ros2_ws/install/custom/lib/python3.10/site-packages/custom/HiwonderSDK/__pycache__/PWMServo.cpython-310.pyc
/home/wshengggg/ros2_ws/install/custom/lib/python3.10/site-packages/custom/HiwonderSDK/__pycache__/ActionGroupControlDemo.cpython-310.pyc
/home/wshengggg/ros2_ws/install/custom/lib/python3.10/site-packages/custom/HiwonderSDK/__pycache__/BusServoCmd.cpython-310.pyc
/home/wshengggg/ros2_ws/install/custom/lib/python3.10/site-packages/custom/HiwonderSDK/__pycache__/BusServoMove.cpython-310.pyc
/home/wshengggg/ros2_ws/install/custom/lib/python3.10/site-packages/custom/SpiderPi/Functions/__pycache__/RemoteControl.cpython-310.pyc
/home/wshengggg/ros2_ws/install/custom/lib/python3.10/site-packages/custom/SpiderPi/Functions/__pycache__/lab_adjust.cpython-310.pyc
/home/wshengggg/ros2_ws/install/custom/lib/python3.10/site-packages/custom/SpiderPi/Functions/__pycache__/ASRControl.cpython-310.pyc
/home/wshengggg/ros2_ws/install/custom/lib/python3.10/site-packages/custom/SpiderPi/Functions/__pycache__/Head_Control.cpython-310.pyc
/home/wshengggg/ros2_ws/install/custom/lib/python3.10/site-packages/custom/SpiderPi/Functions/__pycache__/__init__.cpython-310.pyc
/home/wshengggg/ros2_ws/install/custom/lib/python3.10/site-packages/custom/SpiderPi/Functions/__pycache__/Tag_Detect.cpython-310.pyc
/home/wshengggg/ros2_ws/install/custom/lib/python3.10/site-packages/custom/SpiderPi/Functions/__pycache__/ColorDetect.cpython-310.pyc
/home/wshengggg/ros2_ws/install/custom/lib/python3.10/site-packages/custom/SpiderPi/Functions/__pycache__/PickAction.cpython-310.pyc
/home/wshengggg/ros2_ws/install/custom/lib/python3.10/site-packages/custom/SpiderPi/Functions/__pycache__/Color_Warning.cpython-310.pyc
/home/wshengggg/ros2_ws/install/custom/lib/python3.10/site-packages/custom/SpiderPi/Functions/__pycache__/Avoidance.cpython-310.pyc
/home/wshengggg/ros2_ws/install/custom/lib/python3.10/site-packages/custom/SpiderPi/Functions/__pycache__/Transport.cpython-310.pyc
/home/wshengggg/ros2_ws/install/custom/lib/python3.10/site-packages/custom/SpiderPi/Functions/__pycache__/apriltag.cpython-310.pyc
/home/wshengggg/ros2_ws/install/custom/lib/python3.10/site-packages/custom/SpiderPi/Functions/__pycache__/ApriltagDetect.cpython-310.pyc
/home/wshengggg/ros2_ws/install/custom/lib/python3.10/site-packages/custom/SpiderPi/Functions/__pycache__/Color_Recognize.cpython-310.pyc
/home/wshengggg/ros2_ws/install/custom/lib/python3.10/site-packages/custom/SpiderPi/Functions/__pycache__/Self_Transport.cpython-310.pyc
/home/wshengggg/ros2_ws/install/custom/lib/python3.10/site-packages/custom/SpiderPi/Functions/__pycache__/ImgAddText.cpython-310.pyc
/home/wshengggg/ros2_ws/install/custom/lib/python3.10/site-packages/custom/SpiderPi/Functions/__pycache__/Transport_Cleaning.cpython-310.pyc
/home/wshengggg/ros2_ws/install/custom/lib/python3.10/site-packages/custom/SpiderPi/Functions/__pycache__/kinematics_control_demo.cpython-310.pyc
/home/wshengggg/ros2_ws/install/custom/lib/python3.10/site-packages/custom/SpiderPi/Functions/__pycache__/Follow.cpython-310.pyc
/home/wshengggg/ros2_ws/install/custom/lib/python3.10/site-packages/custom/SpiderPi/Functions/__pycache__/Running.cpython-310.pyc
/home/wshengggg/ros2_ws/install/custom/lib/python3.10/site-packages/custom/SpiderPi/Functions/__pycache__/ColorDetectAndTTS.cpython-310.pyc
/home/wshengggg/ros2_ws/install/custom/lib/python3.10/site-packages/custom/SpiderPi/Functions/__pycache__/GestureMeasuring.cpython-310.pyc
/home/wshengggg/ros2_ws/install/custom/lib/python3.10/site-packages/custom/SpiderPi/Functions/__pycache__/Face_Detect.cpython-310.pyc
/home/wshengggg/ros2_ws/install/custom/lib/python3.10/site-packages/custom/SpiderPi/Functions/__pycache__/ColorTrack.cpython-310.pyc
/home/wshengggg/ros2_ws/install/custom/lib/python3.10/site-packages/custom/SpiderPi/Functions/__pycache__/FaceDetect.cpython-310.pyc
/home/wshengggg/ros2_ws/install/custom/lib/python3.10/site-packages/custom/SpiderPi/Functions/__pycache__/EmptyFunc.cpython-310.pyc
/home/wshengggg/ros2_ws/install/custom/lib/python3.10/site-packages/custom/SpiderPi/Functions/__pycache__/VisualPatrol.cpython-310.pyc
/home/wshengggg/ros2_ws/install/custom/lib/python3.10/site-packages/custom/SpiderPi/CameraCalibration/__pycache__/TestCalibration.cpython-310.pyc
/home/wshengggg/ros2_ws/install/custom/lib/python3.10/site-packages/custom/SpiderPi/CameraCalibration/__pycache__/Calibration.cpython-310.pyc
/home/wshengggg/ros2_ws/install/custom/lib/python3.10/site-packages/custom/SpiderPi/CameraCalibration/__pycache__/__init__.cpython-310.pyc
/home/wshengggg/ros2_ws/install/custom/lib/python3.10/site-packages/custom/SpiderPi/CameraCalibration/__pycache__/GenerateLoadingPicture.cpython-310.pyc
/home/wshengggg/ros2_ws/install/custom/lib/python3.10/site-packages/custom/SpiderPi/CameraCalibration/__pycache__/CalibrationConfig.cpython-310.pyc
/home/wshengggg/ros2_ws/install/custom/lib/python3.10/site-packages/custom/SpiderPi/CameraCalibration/__pycache__/CollectCalibrationPicture.cpython-310.pyc
/home/wshengggg/ros2_ws/install/custom/lib/python3.10/site-packages/custom/SpiderPi/CameraCalibration/__pycache__/GenerateCalibrationPlate.cpython-310.pyc
/home/wshengggg/ros2_ws/install/custom/lib/python3.10/site-packages/custom/SpiderPi/Functions/import_path/__pycache__/__init__.cpython-310.pyc
/home/wshengggg/ros2_ws/install/custom/share/ament_index/resource_index/packages/custom
/home/wshengggg/ros2_ws/install/custom/share/custom/package.xml
/home/wshengggg/ros2_ws/install/custom/lib/python3.10/site-packages/custom-0.0.0-py3.10.egg-info/top_level.txt
/home/wshengggg/ros2_ws/install/custom/lib/python3.10/site-packages/custom-0.0.0-py3.10.egg-info/zip-safe
/home/wshengggg/ros2_ws/install/custom/lib/python3.10/site-packages/custom-0.0.0-py3.10.egg-info/SOURCES.txt
/home/wshengggg/ros2_ws/install/custom/lib/python3.10/site-packages/custom-0.0.0-py3.10.egg-info/entry_points.txt
/home/wshengggg/ros2_ws/install/custom/lib/python3.10/site-packages/custom-0.0.0-py3.10.egg-info/PKG-INFO
/home/wshengggg/ros2_ws/install/custom/lib/python3.10/site-packages/custom-0.0.0-py3.10.egg-info/requires.txt
/home/wshengggg/ros2_ws/install/custom/lib/python3.10/site-packages/custom-0.0.0-py3.10.egg-info/dependency_links.txt
/home/wshengggg/ros2_ws/install/custom/lib/custom/spiderpi
