[0.673s] Invoking command in '/home/wshengggg/test_ws/src/py_srvcli': PYTHONPATH=/home/wshengggg/test_ws/build/py_srvcli/prefix_override:/home/wshengggg/test_ws/install/py_srvcli/lib/python3.10/site-packages:${PYTHONPATH} /usr/bin/python3 -W ignore:setup.py install is deprecated setup.py egg_info --egg-base ../../build/py_srvcli build --build-base /home/wshengggg/test_ws/build/py_srvcli/build install --record /home/wshengggg/test_ws/build/py_srvcli/install.log --single-version-externally-managed install_data
[0.819s] running egg_info
[0.820s] creating ../../build/py_srvcli/py_srvcli.egg-info
[0.827s] writing ../../build/py_srvcli/py_srvcli.egg-info/PKG-INFO
[0.827s] writing dependency_links to ../../build/py_srvcli/py_srvcli.egg-info/dependency_links.txt
[0.827s] writing requirements to ../../build/py_srvcli/py_srvcli.egg-info/requires.txt
[0.827s] writing top-level names to ../../build/py_srvcli/py_srvcli.egg-info/top_level.txt
[0.827s] writing manifest file '../../build/py_srvcli/py_srvcli.egg-info/SOURCES.txt'
[0.848s] reading manifest file '../../build/py_srvcli/py_srvcli.egg-info/SOURCES.txt'
[0.848s] adding license file 'LICENSE'
[0.848s] writing manifest file '../../build/py_srvcli/py_srvcli.egg-info/SOURCES.txt'
[0.848s] running build
[0.848s] running build_py
[0.849s] creating /home/wshengggg/test_ws/build/py_srvcli/build
[0.849s] creating /home/wshengggg/test_ws/build/py_srvcli/build/lib
[0.849s] creating /home/wshengggg/test_ws/build/py_srvcli/build/lib/py_srvcli
[0.849s] copying py_srvcli/__init__.py -> /home/wshengggg/test_ws/build/py_srvcli/build/lib/py_srvcli
[0.849s] running install
[0.855s] running install_lib
[0.862s] creating /home/wshengggg/test_ws/install/py_srvcli/lib/python3.10/site-packages/py_srvcli
[0.862s] copying /home/wshengggg/test_ws/build/py_srvcli/build/lib/py_srvcli/__init__.py -> /home/wshengggg/test_ws/install/py_srvcli/lib/python3.10/site-packages/py_srvcli
[0.862s] byte-compiling /home/wshengggg/test_ws/install/py_srvcli/lib/python3.10/site-packages/py_srvcli/__init__.py to __init__.cpython-310.pyc
[0.862s] running install_data
[0.862s] creating /home/wshengggg/test_ws/install/py_srvcli/share/ament_index
[0.862s] creating /home/wshengggg/test_ws/install/py_srvcli/share/ament_index/resource_index
[0.862s] creating /home/wshengggg/test_ws/install/py_srvcli/share/ament_index/resource_index/packages
[0.862s] copying resource/py_srvcli -> /home/wshengggg/test_ws/install/py_srvcli/share/ament_index/resource_index/packages
[0.862s] copying package.xml -> /home/wshengggg/test_ws/install/py_srvcli/share/py_srvcli
[0.862s] running install_egg_info
[0.870s] Copying ../../build/py_srvcli/py_srvcli.egg-info to /home/wshengggg/test_ws/install/py_srvcli/lib/python3.10/site-packages/py_srvcli-0.0.0-py3.10.egg-info
[0.871s] running install_scripts
[0.951s] writing list of installed files to '/home/wshengggg/test_ws/build/py_srvcli/install.log'
[0.969s] Invoked command in '/home/wshengggg/test_ws/src/py_srvcli' returned '0': PYTHONPATH=/home/wshengggg/test_ws/build/py_srvcli/prefix_override:/home/wshengggg/test_ws/install/py_srvcli/lib/python3.10/site-packages:${PYTHONPATH} /usr/bin/python3 -W ignore:setup.py install is deprecated setup.py egg_info --egg-base ../../build/py_srvcli build --build-base /home/wshengggg/test_ws/build/py_srvcli/build install --record /home/wshengggg/test_ws/build/py_srvcli/install.log --single-version-externally-managed install_data
