[0.686s] Invoking command in '/home/wshengggg/ros2_ws/src/py_srvcli': PYTHONPATH=/home/wshengggg/ros2_ws/build/py_srvcli/prefix_override:/home/wshengggg/ros2_ws/install/py_srvcli/lib/python3.10/site-packages:${PYTHONPATH} /usr/bin/python3 -W ignore:setup.py install is deprecated setup.py egg_info --egg-base ../../build/py_srvcli build --build-base /home/wshengggg/ros2_ws/build/py_srvcli/build install --record /home/wshengggg/ros2_ws/build/py_srvcli/install.log --single-version-externally-managed install_data
[0.830s] running egg_info
[0.841s] writing ../../build/py_srvcli/py_srvcli.egg-info/PKG-INFO
[0.841s] writing dependency_links to ../../build/py_srvcli/py_srvcli.egg-info/dependency_links.txt
[0.841s] writing requirements to ../../build/py_srvcli/py_srvcli.egg-info/requires.txt
[0.841s] writing top-level names to ../../build/py_srvcli/py_srvcli.egg-info/top_level.txt
[0.861s] reading manifest file '../../build/py_srvcli/py_srvcli.egg-info/SOURCES.txt'
[0.861s] adding license file 'LICENSE'
[0.861s] writing manifest file '../../build/py_srvcli/py_srvcli.egg-info/SOURCES.txt'
[0.861s] running build
[0.861s] running build_py
[0.861s] copying py_srvcli/__init__.py -> /home/wshengggg/ros2_ws/build/py_srvcli/build/lib/py_srvcli
[0.862s] running install
[0.865s] running install_lib
[0.872s] running install_data
[0.872s] copying resource/py_srvcli -> /home/wshengggg/ros2_ws/install/py_srvcli/share/ament_index/resource_index/packages
[0.872s] copying package.xml -> /home/wshengggg/ros2_ws/install/py_srvcli/share/py_srvcli
[0.872s] running install_egg_info
[0.880s] removing '/home/wshengggg/ros2_ws/install/py_srvcli/lib/python3.10/site-packages/py_srvcli-0.0.0-py3.10.egg-info' (and everything under it)
[0.880s] Copying ../../build/py_srvcli/py_srvcli.egg-info to /home/wshengggg/ros2_ws/install/py_srvcli/lib/python3.10/site-packages/py_srvcli-0.0.0-py3.10.egg-info
[0.881s] running install_scripts
[0.962s] writing list of installed files to '/home/wshengggg/ros2_ws/build/py_srvcli/install.log'
[0.981s] Invoked command in '/home/wshengggg/ros2_ws/src/py_srvcli' returned '0': PYTHONPATH=/home/wshengggg/ros2_ws/build/py_srvcli/prefix_override:/home/wshengggg/ros2_ws/install/py_srvcli/lib/python3.10/site-packages:${PYTHONPATH} /usr/bin/python3 -W ignore:setup.py install is deprecated setup.py egg_info --egg-base ../../build/py_srvcli build --build-base /home/wshengggg/ros2_ws/build/py_srvcli/build install --record /home/wshengggg/ros2_ws/build/py_srvcli/install.log --single-version-externally-managed install_data
