[0.703s] Invoking command in '/home/wshengggg/ros2_ws/src/py_srvcli': PYTHONPATH=/home/wshengggg/ros2_ws/build/py_srvcli/prefix_override:/home/wshengggg/ros2_ws/install/py_srvcli/lib/python3.10/site-packages:${PYTHONPATH} /usr/bin/python3 -W ignore:setup.py install is deprecated setup.py egg_info --egg-base ../../build/py_srvcli build --build-base /home/wshengggg/ros2_ws/build/py_srvcli/build install --record /home/wshengggg/ros2_ws/build/py_srvcli/install.log --single-version-externally-managed install_data
[0.871s] running egg_info
[0.879s] writing ../../build/py_srvcli/py_srvcli.egg-info/PKG-INFO
[0.879s] writing dependency_links to ../../build/py_srvcli/py_srvcli.egg-info/dependency_links.txt
[0.879s] writing requirements to ../../build/py_srvcli/py_srvcli.egg-info/requires.txt
[0.879s] writing top-level names to ../../build/py_srvcli/py_srvcli.egg-info/top_level.txt
[0.895s] reading manifest file '../../build/py_srvcli/py_srvcli.egg-info/SOURCES.txt'
[0.895s] adding license file 'LICENSE'
[0.896s] writing manifest file '../../build/py_srvcli/py_srvcli.egg-info/SOURCES.txt'
[0.896s] running build
[0.896s] running build_py
[0.896s] copying py_srvcli/__init__.py -> /home/wshengggg/ros2_ws/build/py_srvcli/build/lib/py_srvcli
[0.896s] running install
[0.899s] running install_lib
[0.907s] running install_data
[0.907s] copying resource/py_srvcli -> /home/wshengggg/ros2_ws/install/py_srvcli/share/ament_index/resource_index/packages
[0.907s] copying package.xml -> /home/wshengggg/ros2_ws/install/py_srvcli/share/py_srvcli
[0.908s] running install_egg_info
[0.916s] removing '/home/wshengggg/ros2_ws/install/py_srvcli/lib/python3.10/site-packages/py_srvcli-0.0.0-py3.10.egg-info' (and everything under it)
[0.916s] Copying ../../build/py_srvcli/py_srvcli.egg-info to /home/wshengggg/ros2_ws/install/py_srvcli/lib/python3.10/site-packages/py_srvcli-0.0.0-py3.10.egg-info
[0.916s] running install_scripts
[1.002s] writing list of installed files to '/home/wshengggg/ros2_ws/build/py_srvcli/install.log'
[1.024s] Invoked command in '/home/wshengggg/ros2_ws/src/py_srvcli' returned '0': PYTHONPATH=/home/wshengggg/ros2_ws/build/py_srvcli/prefix_override:/home/wshengggg/ros2_ws/install/py_srvcli/lib/python3.10/site-packages:${PYTHONPATH} /usr/bin/python3 -W ignore:setup.py install is deprecated setup.py egg_info --egg-base ../../build/py_srvcli build --build-base /home/wshengggg/ros2_ws/build/py_srvcli/build install --record /home/wshengggg/ros2_ws/build/py_srvcli/install.log --single-version-externally-managed install_data
