running egg_info
writing ../../build/custom/custom.egg-info/PKG-INFO
writing dependency_links to ../../build/custom/custom.egg-info/dependency_links.txt
writing entry points to ../../build/custom/custom.egg-info/entry_points.txt
writing requirements to ../../build/custom/custom.egg-info/requires.txt
writing top-level names to ../../build/custom/custom.egg-info/top_level.txt
reading manifest file '../../build/custom/custom.egg-info/SOURCES.txt'
adding license file 'LICENSE'
writing manifest file '../../build/custom/custom.egg-info/SOURCES.txt'
running build
running build_py
copying custom/__init__.py -> /home/wshengggg/test_ws/build/custom/build/lib/custom
copying custom/SpiderPi/__init__.py -> /home/wshengggg/test_ws/build/custom/build/lib/custom/SpiderPi
copying custom/SpiderPi/RPCServer.py -> /home/wshengggg/test_ws/build/custom/build/lib/custom/SpiderPi
copying custom/SpiderPi/MjpgServer.py -> /home/wshengggg/test_ws/build/custom/build/lib/custom/SpiderPi
copying custom/SpiderPi/Camera.py -> /home/wshengggg/test_ws/build/custom/build/lib/custom/SpiderPi
copying custom/SpiderPi/ActionGroupDict.py -> /home/wshengggg/test_ws/build/custom/build/lib/custom/SpiderPi
copying custom/SpiderPi/spiderpi.py -> /home/wshengggg/test_ws/build/custom/build/lib/custom/SpiderPi
copying custom/SpiderPi/yaml_handle.py -> /home/wshengggg/test_ws/build/custom/build/lib/custom/SpiderPi
copying custom/SpiderPi/Functions/RemoteControl.py -> /home/wshengggg/test_ws/build/custom/build/lib/custom/SpiderPi/Functions
copying custom/SpiderPi/Functions/lab_adjust.py -> /home/wshengggg/test_ws/build/custom/build/lib/custom/SpiderPi/Functions
copying custom/SpiderPi/Functions/ASRControl.py -> /home/wshengggg/test_ws/build/custom/build/lib/custom/SpiderPi/Functions
copying custom/SpiderPi/Functions/Head_Control.py -> /home/wshengggg/test_ws/build/custom/build/lib/custom/SpiderPi/Functions
copying custom/SpiderPi/Functions/__init__.py -> /home/wshengggg/test_ws/build/custom/build/lib/custom/SpiderPi/Functions
copying custom/SpiderPi/Functions/Tag_Detect.py -> /home/wshengggg/test_ws/build/custom/build/lib/custom/SpiderPi/Functions
copying custom/SpiderPi/Functions/ColorDetect.py -> /home/wshengggg/test_ws/build/custom/build/lib/custom/SpiderPi/Functions
copying custom/SpiderPi/Functions/PickAction.py -> /home/wshengggg/test_ws/build/custom/build/lib/custom/SpiderPi/Functions
copying custom/SpiderPi/Functions/Color_Warning.py -> /home/wshengggg/test_ws/build/custom/build/lib/custom/SpiderPi/Functions
copying custom/SpiderPi/Functions/Avoidance.py -> /home/wshengggg/test_ws/build/custom/build/lib/custom/SpiderPi/Functions
copying custom/SpiderPi/Functions/Transport.py -> /home/wshengggg/test_ws/build/custom/build/lib/custom/SpiderPi/Functions
copying custom/SpiderPi/Functions/apriltag.py -> /home/wshengggg/test_ws/build/custom/build/lib/custom/SpiderPi/Functions
copying custom/SpiderPi/Functions/ApriltagDetect.py -> /home/wshengggg/test_ws/build/custom/build/lib/custom/SpiderPi/Functions
copying custom/SpiderPi/Functions/Color_Recognize.py -> /home/wshengggg/test_ws/build/custom/build/lib/custom/SpiderPi/Functions
copying custom/SpiderPi/Functions/Self_Transport.py -> /home/wshengggg/test_ws/build/custom/build/lib/custom/SpiderPi/Functions
copying custom/SpiderPi/Functions/ImgAddText.py -> /home/wshengggg/test_ws/build/custom/build/lib/custom/SpiderPi/Functions
copying custom/SpiderPi/Functions/Transport_Cleaning.py -> /home/wshengggg/test_ws/build/custom/build/lib/custom/SpiderPi/Functions
copying custom/SpiderPi/Functions/kinematics_control_demo.py -> /home/wshengggg/test_ws/build/custom/build/lib/custom/SpiderPi/Functions
copying custom/SpiderPi/Functions/Follow.py -> /home/wshengggg/test_ws/build/custom/build/lib/custom/SpiderPi/Functions
copying custom/SpiderPi/Functions/Running.py -> /home/wshengggg/test_ws/build/custom/build/lib/custom/SpiderPi/Functions
copying custom/SpiderPi/Functions/ColorDetectAndTTS.py -> /home/wshengggg/test_ws/build/custom/build/lib/custom/SpiderPi/Functions
copying custom/SpiderPi/Functions/GestureMeasuring.py -> /home/wshengggg/test_ws/build/custom/build/lib/custom/SpiderPi/Functions
copying custom/SpiderPi/Functions/Face_Detect.py -> /home/wshengggg/test_ws/build/custom/build/lib/custom/SpiderPi/Functions
copying custom/SpiderPi/Functions/ColorTrack.py -> /home/wshengggg/test_ws/build/custom/build/lib/custom/SpiderPi/Functions
copying custom/SpiderPi/Functions/FaceDetect.py -> /home/wshengggg/test_ws/build/custom/build/lib/custom/SpiderPi/Functions
copying custom/SpiderPi/Functions/EmptyFunc.py -> /home/wshengggg/test_ws/build/custom/build/lib/custom/SpiderPi/Functions
copying custom/SpiderPi/Functions/VisualPatrol.py -> /home/wshengggg/test_ws/build/custom/build/lib/custom/SpiderPi/Functions
copying custom/SpiderPi/CameraCalibration/TestCalibration.py -> /home/wshengggg/test_ws/build/custom/build/lib/custom/SpiderPi/CameraCalibration
copying custom/SpiderPi/CameraCalibration/Calibration.py -> /home/wshengggg/test_ws/build/custom/build/lib/custom/SpiderPi/CameraCalibration
copying custom/SpiderPi/CameraCalibration/__init__.py -> /home/wshengggg/test_ws/build/custom/build/lib/custom/SpiderPi/CameraCalibration
copying custom/SpiderPi/CameraCalibration/GenerateLoadingPicture.py -> /home/wshengggg/test_ws/build/custom/build/lib/custom/SpiderPi/CameraCalibration
copying custom/SpiderPi/CameraCalibration/CalibrationConfig.py -> /home/wshengggg/test_ws/build/custom/build/lib/custom/SpiderPi/CameraCalibration
copying custom/SpiderPi/CameraCalibration/CollectCalibrationPicture.py -> /home/wshengggg/test_ws/build/custom/build/lib/custom/SpiderPi/CameraCalibration
copying custom/SpiderPi/CameraCalibration/GenerateCalibrationPlate.py -> /home/wshengggg/test_ws/build/custom/build/lib/custom/SpiderPi/CameraCalibration
copying custom/SpiderPi/HiwonderSDK/Misc.py -> /home/wshengggg/test_ws/build/custom/build/lib/custom/SpiderPi/HiwonderSDK
copying custom/SpiderPi/HiwonderSDK/Board.py -> /home/wshengggg/test_ws/build/custom/build/lib/custom/SpiderPi/HiwonderSDK
copying custom/SpiderPi/HiwonderSDK/Mpu6050.py -> /home/wshengggg/test_ws/build/custom/build/lib/custom/SpiderPi/HiwonderSDK
copying custom/SpiderPi/HiwonderSDK/PWMServoMoveDemo.py -> /home/wshengggg/test_ws/build/custom/build/lib/custom/SpiderPi/HiwonderSDK
copying custom/SpiderPi/HiwonderSDK/ASR.py -> /home/wshengggg/test_ws/build/custom/build/lib/custom/SpiderPi/HiwonderSDK
copying custom/SpiderPi/HiwonderSDK/__init__.py -> /home/wshengggg/test_ws/build/custom/build/lib/custom/SpiderPi/HiwonderSDK
copying custom/SpiderPi/HiwonderSDK/Sonar.py -> /home/wshengggg/test_ws/build/custom/build/lib/custom/SpiderPi/HiwonderSDK
copying custom/SpiderPi/HiwonderSDK/PID.py -> /home/wshengggg/test_ws/build/custom/build/lib/custom/SpiderPi/HiwonderSDK
copying custom/SpiderPi/HiwonderSDK/TTS.py -> /home/wshengggg/test_ws/build/custom/build/lib/custom/SpiderPi/HiwonderSDK
copying custom/SpiderPi/HiwonderSDK/ActionGroupControl.py -> /home/wshengggg/test_ws/build/custom/build/lib/custom/SpiderPi/HiwonderSDK
copying custom/SpiderPi/HiwonderSDK/BuzzerControlDemo.py -> /home/wshengggg/test_ws/build/custom/build/lib/custom/SpiderPi/HiwonderSDK
copying custom/SpiderPi/HiwonderSDK/BusServoReadStatus.py -> /home/wshengggg/test_ws/build/custom/build/lib/custom/SpiderPi/HiwonderSDK
copying custom/SpiderPi/HiwonderSDK/PWMServo.py -> /home/wshengggg/test_ws/build/custom/build/lib/custom/SpiderPi/HiwonderSDK
copying custom/SpiderPi/HiwonderSDK/ActionGroupControlDemo.py -> /home/wshengggg/test_ws/build/custom/build/lib/custom/SpiderPi/HiwonderSDK
copying custom/SpiderPi/HiwonderSDK/BusServoCmd.py -> /home/wshengggg/test_ws/build/custom/build/lib/custom/SpiderPi/HiwonderSDK
copying custom/SpiderPi/HiwonderSDK/BusServoMove.py -> /home/wshengggg/test_ws/build/custom/build/lib/custom/SpiderPi/HiwonderSDK
copying custom/SpiderPi/Functions/import_path/__init__.py -> /home/wshengggg/test_ws/build/custom/build/lib/custom/SpiderPi/Functions/import_path
running install
running install_lib
running install_data
copying resource/custom -> /home/wshengggg/test_ws/install/custom/share/ament_index/resource_index/packages
copying package.xml -> /home/wshengggg/test_ws/install/custom/share/custom
running install_egg_info
removing '/home/wshengggg/test_ws/install/custom/lib/python3.10/site-packages/custom-0.0.0-py3.10.egg-info' (and everything under it)
Copying ../../build/custom/custom.egg-info to /home/wshengggg/test_ws/install/custom/lib/python3.10/site-packages/custom-0.0.0-py3.10.egg-info
running install_scripts
Installing spiderpi script to /home/wshengggg/test_ws/install/custom/lib/custom
writing list of installed files to '/home/wshengggg/test_ws/build/custom/install.log'
