running egg_info
writing ../../build/py_srvcli/py_srvcli.egg-info/PKG-INFO
writing dependency_links to ../../build/py_srvcli/py_srvcli.egg-info/dependency_links.txt
writing requirements to ../../build/py_srvcli/py_srvcli.egg-info/requires.txt
writing top-level names to ../../build/py_srvcli/py_srvcli.egg-info/top_level.txt
reading manifest file '../../build/py_srvcli/py_srvcli.egg-info/SOURCES.txt'
adding license file 'LICENSE'
writing manifest file '../../build/py_srvcli/py_srvcli.egg-info/SOURCES.txt'
running build
running build_py
copying py_srvcli/__init__.py -> /home/wshengggg/ros2_ws/build/py_srvcli/build/lib/py_srvcli
running install
running install_lib
running install_data
copying resource/py_srvcli -> /home/wshengggg/ros2_ws/install/py_srvcli/share/ament_index/resource_index/packages
copying package.xml -> /home/wshengggg/ros2_ws/install/py_srvcli/share/py_srvcli
running install_egg_info
removing '/home/wshengggg/ros2_ws/install/py_srvcli/lib/python3.10/site-packages/py_srvcli-0.0.0-py3.10.egg-info' (and everything under it)
Copying ../../build/py_srvcli/py_srvcli.egg-info to /home/wshengggg/ros2_ws/install/py_srvcli/lib/python3.10/site-packages/py_srvcli-0.0.0-py3.10.egg-info
running install_scripts
writing list of installed files to '/home/wshengggg/ros2_ws/build/py_srvcli/install.log'
